c:\users\82102\source\repos\list\list\debug\vc142.pdb
c:\users\82102\source\repos\list\list\debug\vc142.idb
c:\users\82102\source\repos\list\list\debug\simple_list.obj
c:\users\82102\source\repos\list\list\debug\dlist.obj
c:\users\82102\source\repos\list\list\debug\main.obj
c:\users\82102\source\repos\list\list\debug\poly.obj
c:\users\82102\source\repos\list\list\debug\stack.obj
c:\users\82102\source\repos\list\list\debug\par_check.obj
c:\users\82102\source\repos\list\debug\list.exe
c:\users\82102\source\repos\list\debug\list.ilk
c:\users\82102\source\repos\list\debug\list.pdb
c:\users\82102\source\repos\list\list\debug\poly.obj.enc
c:\users\82102\source\repos\list\list\debug\list.tlog\cl.command.1.tlog
c:\users\82102\source\repos\list\list\debug\list.tlog\cl.read.1.tlog
c:\users\82102\source\repos\list\list\debug\list.tlog\cl.write.1.tlog
c:\users\82102\source\repos\list\list\debug\list.tlog\link-cvtres.read.1.tlog
c:\users\82102\source\repos\list\list\debug\list.tlog\link-cvtres.write.1.tlog
c:\users\82102\source\repos\list\list\debug\list.tlog\link-rc.read.1.tlog
c:\users\82102\source\repos\list\list\debug\list.tlog\link-rc.write.1.tlog
c:\users\82102\source\repos\list\list\debug\list.tlog\link.14352-cvtres.read.1.tlog
c:\users\82102\source\repos\list\list\debug\list.tlog\link.14352-cvtres.write.1.tlog
c:\users\82102\source\repos\list\list\debug\list.tlog\link.14352-rc.read.1.tlog
c:\users\82102\source\repos\list\list\debug\list.tlog\link.14352-rc.write.1.tlog
c:\users\82102\source\repos\list\list\debug\list.tlog\link.14352.read.1.tlog
c:\users\82102\source\repos\list\list\debug\list.tlog\link.14352.write.1.tlog
c:\users\82102\source\repos\list\list\debug\list.tlog\link.command.1.tlog
c:\users\82102\source\repos\list\list\debug\list.tlog\link.read.1.tlog
c:\users\82102\source\repos\list\list\debug\list.tlog\link.write.1.tlog
